db/src/gen/.hdiconfig
db/src/gen/.hdinamespace
db/src/gen/CATALOGSERVICE_AUTHORS.hdbcds
db/src/gen/CATALOGSERVICE_BOOKS.hdbcds
db/src/gen/CATALOGSERVICE_BOOKS_TEXTS.hdbcds
db/src/gen/CATALOGSERVICE_COUNTRIES.hdbcds
db/src/gen/CATALOGSERVICE_COUNTRIES_TEXTS.hdbcds
db/src/gen/CATALOGSERVICE_ORDERS.hdbcds
db/src/gen/LOCALIZED_CATALOGSERVICE_AUTHORS.hdbcds
db/src/gen/LOCALIZED_CATALOGSERVICE_BOOKS.hdbcds
db/src/gen/LOCALIZED_CATALOGSERVICE_COUNTRIES.hdbcds
db/src/gen/LOCALIZED_CATALOGSERVICE_ORDERS.hdbcds
db/src/gen/LOCALIZED_MY_BOOKSHOP_AUTHORS.hdbcds
db/src/gen/LOCALIZED_MY_BOOKSHOP_BOOKS.hdbcds
db/src/gen/LOCALIZED_MY_BOOKSHOP_ORDERS.hdbcds
db/src/gen/LOCALIZED_SAP_COMMON_COUNTRIES.hdbcds
db/src/gen/MY_BOOKSHOP_AUTHORS.hdbcds
db/src/gen/MY_BOOKSHOP_BOOKS.hdbcds
db/src/gen/MY_BOOKSHOP_BOOKS_TEXTS.hdbcds
db/src/gen/MY_BOOKSHOP_ORDERS.hdbcds
db/src/gen/SAP_COMMON_COUNTRIES.hdbcds
db/src/gen/SAP_COMMON_COUNTRIES_TEXTS.hdbcds
db/src/gen/csv/my.bookshop-Authors.csv
db/src/gen/csv/my.bookshop-Authors.hdbtabledata
db/src/gen/csv/my.bookshop-Books.csv
db/src/gen/csv/my.bookshop-Books.hdbtabledata
db/src/gen/csv/my.bookshop-Orders.csv
db/src/gen/csv/my.bookshop-Orders.hdbtabledata
srv/gen/CatalogService.xml
srv/gen/CatalogService_de.xml
srv/gen/CatalogService_en.xml
srv/gen/_i18n/i18n.json
srv/gen/csn.json